-------------------------------------------------------------------------------
Test set: com.microservices.LimitsServiceApplicationTests
-------------------------------------------------------------------------------
Tests run: 1, Failures: 0, Errors: 1, Skipped: 0, Time elapsed: 0.519 s <<< FAILURE! - in com.microservices.LimitsServiceApplicationTests
com.microservices.LimitsServiceApplicationTests  Time elapsed: 0.511 s  <<< ERROR!
java.lang.IllegalStateException: Unable to find a @SpringBootConfiguration, you need to use @ContextConfiguration or @SpringBootTest(classes=...) with your test

